<?xml version="1.0" encoding="UTF-8"?>
<!-- Generated by org.testng.reporters.JUnitReportReporter -->
<testsuite hostname="Galinas-MacBook-Air.local" name="com.sqa.gy.SqlDbTest" tests="1" failures="0" timestamp="7 Feb 2017 01:03:04 GMT" time="0.269" errors="0">
  <testcase name="BasicTest" time="0.269" classname="com.sqa.gy.SqlDbTest"/>
</testsuite> <!-- com.sqa.gy.SqlDbTest -->
